[75959:75959:0627/152832.645341:WARNING:chrome_main_delegate.cc(593)] This is Chrome version 114.0.5735.133 (not a warning)
[75959:75959:0627/152832.797755:INFO:chrome_browser_cloud_management_controller.cc(167)] Starting CBCM Controller Initialization
[75959:75959:0627/152832.797796:INFO:chrome_browser_cloud_management_controller.cc(195)] No machine level policy manager exists.
[75959:75959:0627/152832.950952:WARNING:bluez_dbus_manager.cc(247)] Floss manager not present, cannot set Floss enable/disable.
[76002:76002:0627/152832.961582:WARNING:sandbox_linux.cc(393)] InitializeSandbox() called with multiple threads in process gpu-process.
[75959:75983:0627/152833.129599:ERROR:nss_util.cc(357)] After loading Root Certs, loaded==false: NSS error code: -8018
[75959:75959:0627/152849.920875:INFO:CONSOLE(0)] "Error with Permissions-Policy header: Unrecognized feature: 'ch-ua-form-factor'.", source:  (0)
[75959:75959:0627/152851.038304:INFO:CONSOLE(4295)] "LegacyDataMixin will be applied to all legacy elements.
Set `_legacyUndefinedCheck: true` on element class to enable.", source: https://www.youtube.com/s/desktop/0e9d1cf9/jsbin/desktop_polymer.vflset/desktop_polymer.js (4295)
[75959:75959:0627/152851.461176:INFO:CONSOLE(0)] "Error with Permissions-Policy header: Unrecognized feature: 'ch-ua-form-factor'.", source:  (0)
[76004:76018:0627/152856.511186:WARNING:spdy_session.cc(3491)] Received HEADERS for invalid stream 3
[75959:75959:0627/152912.269999:INFO:CONSOLE(0)] "The resource https://i.ytimg.com/generate_204 was preloaded using link preload but not used within a few seconds from the window's load event. Please make sure it has an appropriate `as` value and it is preloaded intentionally.", source: https://www.youtube.com/shorts/E9GUCK-tvBw (0)
[75959:75959:0627/152915.726186:INFO:CONSOLE(0)] "The resource https://i.ytimg.com/generate_204 was preloaded using link preload but not used within a few seconds from the window's load event. Please make sure it has an appropriate `as` value and it is preloaded intentionally.", source: https://www.youtube.com/shorts/E9GUCK-tvBw (0)
[75959:75959:0627/152939.532769:INFO:CONSOLE(0)] "Access to XMLHttpRequest at 'https://googleads.g.doubleclick.net/pagead/viewthroughconversion/962985656/?backend=innertube&cname=1&cver=2_20230622&data=backend%3Dinnertube%3Bcname%3D1%3Bcver%3D2_20230622%3Bptype%3Df_view%3Btype%3Dview%3Butuid%3D5LGPvoUOfwcLi4Ck8LiR4A%3Butvid%3Djqa9remMfys&foc_id=5LGPvoUOfwcLi4Ck8LiR4A&label=followon_view&ptype=f_view&random=659346259&utuid=5LGPvoUOfwcLi4Ck8LiR4A&cv_attributed=0' (redirected from 'https://www.youtube.com/pagead/viewthroughconversion/962985656/?backend=innertube&cname=1&cver=2_20230622&data=backend%3Dinnertube%3Bcname%3D1%3Bcver%3D2_20230622%3Bptype%3Df_view%3Btype%3Dview%3Butuid%3D5LGPvoUOfwcLi4Ck8LiR4A%3Butvid%3Djqa9remMfys&foc_id=5LGPvoUOfwcLi4Ck8LiR4A&label=followon_view&ptype=f_view&random=659346259&utuid=5LGPvoUOfwcLi4Ck8LiR4A') from origin 'https://www.youtube.com' has been blocked by CORS policy: No 'Access-Control-Allow-Origin' header is present on the requested resource.", source: https://www.youtube.com/shorts/jqa9remMfys (0)
[75959:75959:0627/152939.998029:INFO:CONSOLE(0)] "The resource https://i.ytimg.com/generate_204 was preloaded using link preload but not used within a few seconds from the window's load event. Please make sure it has an appropriate `as` value and it is preloaded intentionally.", source: https://www.youtube.com/shorts/jqa9remMfys (0)
[75959:75959:0627/152952.989858:INFO:CONSOLE(0)] "The resource https://i.ytimg.com/generate_204 was preloaded using link preload but not used within a few seconds from the window's load event. Please make sure it has an appropriate `as` value and it is preloaded intentionally.", source: https://www.youtube.com/shorts/Oii_Md_IolI (0)
[75959:75959:0627/153027.365796:WARNING:controller_impl.cc(1188)] Background download complete, client: 6, completion type: 0, file size:34333197
[75959:75959:0627/153059.077719:INFO:CONSOLE(0)] "Access to XMLHttpRequest at 'https://googleads.g.doubleclick.net/pagead/viewthroughconversion/962985656/?backend=innertube&cname=1&cver=2_20230622&data=backend%3Dinnertube%3Bcname%3D1%3Bcver%3D2_20230622%3Bptype%3Df_view%3Btype%3Dview%3Butuid%3DWsDFcIhY2DBi3GB5uykGXA%3Butvid%3DUv1PyE8J38w&foc_id=WsDFcIhY2DBi3GB5uykGXA&label=followon_view&ptype=f_view&random=1055730841&utuid=WsDFcIhY2DBi3GB5uykGXA&cv_attributed=0' (redirected from 'https://www.youtube.com/pagead/viewthroughconversion/962985656/?backend=innertube&cname=1&cver=2_20230622&data=backend%3Dinnertube%3Bcname%3D1%3Bcver%3D2_20230622%3Bptype%3Df_view%3Btype%3Dview%3Butuid%3DWsDFcIhY2DBi3GB5uykGXA%3Butvid%3DUv1PyE8J38w&foc_id=WsDFcIhY2DBi3GB5uykGXA&label=followon_view&ptype=f_view&random=1055730841&utuid=WsDFcIhY2DBi3GB5uykGXA') from origin 'https://www.youtube.com' has been blocked by CORS policy: No 'Access-Control-Allow-Origin' header is present on the requested resource.", source: https://www.youtube.com/shorts/Uv1PyE8J38w (0)
[75959:75959:0627/153113.165999:INFO:CONSOLE(0)] "The resource https://i.ytimg.com/generate_204 was preloaded using link preload but not used within a few seconds from the window's load event. Please make sure it has an appropriate `as` value and it is preloaded intentionally.", source: https://www.youtube.com/shorts/OK3HB1IMuww (0)
[75959:75959:0627/153129.207758:INFO:CONSOLE(0)] "The resource https://i.ytimg.com/generate_204 was preloaded using link preload but not used within a few seconds from the window's load event. Please make sure it has an appropriate `as` value and it is preloaded intentionally.", source: https://www.youtube.com/shorts/Kn85AMNVK7M (0)
[75959:75959:0627/153138.550024:INFO:CONSOLE(0)] "The resource https://i.ytimg.com/generate_204 was preloaded using link preload but not used within a few seconds from the window's load event. Please make sure it has an appropriate `as` value and it is preloaded intentionally.", source: https://www.youtube.com/shorts/oUIUgDEHeX8 (0)
[75959:75959:0627/153142.373936:INFO:CONSOLE(0)] "The resource https://i.ytimg.com/generate_204 was preloaded using link preload but not used within a few seconds from the window's load event. Please make sure it has an appropriate `as` value and it is preloaded intentionally.", source: https://www.youtube.com/shorts/oUIUgDEHeX8 (0)
[75959:75959:0627/153148.222050:INFO:CONSOLE(0)] "The resource https://i.ytimg.com/generate_204 was preloaded using link preload but not used within a few seconds from the window's load event. Please make sure it has an appropriate `as` value and it is preloaded intentionally.", source: https://www.youtube.com/shorts/oUIUgDEHeX8 (0)
[75959:75959:0627/153216.006041:INFO:CONSOLE(0)] "The resource https://i.ytimg.com/generate_204 was preloaded using link preload but not used within a few seconds from the window's load event. Please make sure it has an appropriate `as` value and it is preloaded intentionally.", source: https://www.youtube.com/shorts/0gVuw3pvvYk (0)
[75959:75959:0627/153238.430026:INFO:CONSOLE(0)] "The resource https://i.ytimg.com/generate_204 was preloaded using link preload but not used within a few seconds from the window's load event. Please make sure it has an appropriate `as` value and it is preloaded intentionally.", source: https://www.youtube.com/shorts/3DTTXTWHs70 (0)
[75959:75959:0627/153241.839007:INFO:CONSOLE(0)] "The resource https://i.ytimg.com/generate_204 was preloaded using link preload but not used within a few seconds from the window's load event. Please make sure it has an appropriate `as` value and it is preloaded intentionally.", source: https://www.youtube.com/shorts/3DTTXTWHs70 (0)
[75959:75959:0627/153253.588153:WARNING:pref_notifier_impl.cc(41)] Pref observer for media_router.cast_allow_all_ips found at shutdown.
